<?xml version="1.0" encoding="UTF-8"?>
<!-- Generated by org.testng.reporters.JUnitXMLReporter -->
<testsuite ignored="0" hostname="LAPTOP-QJPOCRT2" failures="0" tests="12" name="Surefire test" time="43.944" errors="0" timestamp="2024-07-12T19:03:15 AEST">
  <testcase classname="sales.qa.testcases.LoginTest" name="LoginPageTitleTest" time="0.037"/>
  <testcase classname="sales.qa.testcases.LoginTest" name="LogoTest" time="0.08"/>
  <testcase classname="sales.qa.testcases.LoginTest" name="Login" time="1.807"/>
  <testcase classname="sales.qa.testcases.SalesTest" name="ValidateTitle" time="0.043"/>
  <testcase classname="sales.qa.testcases.SalesTest" name="ValidateTransactionTitle" time="0.066"/>
  <testcase classname="sales.qa.testcases.SalesTest" name="ValidateTransacList" time="8.774"/>
  <testcase classname="sales.qa.testcases.SalesTest" name="ValidateInquiriesTitle" time="0.028"/>
  <testcase classname="sales.qa.testcases.SalesTest" name="ValidateInquiriesList" time="16.421"/>
  <testcase classname="sales.qa.testcases.SalesTest" name="ValidateCustomRptstitle" time="0.028"/>
  <testcase classname="sales.qa.testcases.SalesTest" name="ValidateStdRptsTitle" time="0.022"/>
  <testcase classname="sales.qa.testcases.SalesTest" name="ValidateMaintenceTitle" time="0.035"/>
  <testcase classname="sales.qa.testcases.SalesTest" name="ValidateMaintenanceList" time="0.491"/>
</testsuite> <!-- Surefire test -->
