<?xml version="1.0" encoding="UTF-8"?>
<!-- Generated by org.testng.reporters.JUnitXMLReporter -->
<testsuite ignored="8" hostname="LAPTOP-QJPOCRT2" failures="0" tests="1" name="Default test" time="195.005" errors="0" timestamp="2024-07-16T16:31:25 AEST">
  <testcase classname="sales.qa.testcases.ReceivablesTest" name="ValidateTransactionTitle" time="0.118"/>
  <testcase classname="sales.qa.testcases.ReceivablesTest" name="ValidateStdRptsTitle" time="0.0">
    <ignored/>
  </testcase> <!-- ValidateStdRptsTitle -->
  <testcase classname="sales.qa.testcases.ReceivablesTest" name="ValidateTransacList" time="0.0">
    <ignored/>
  </testcase> <!-- ValidateTransacList -->
  <testcase classname="sales.qa.testcases.ReceivablesTest" name="ValidateTitle" time="0.0">
    <ignored/>
  </testcase> <!-- ValidateTitle -->
  <testcase classname="sales.qa.testcases.ReceivablesTest" name="ValidateMaintenanceList" time="0.0">
    <ignored/>
  </testcase> <!-- ValidateMaintenanceList -->
  <testcase classname="sales.qa.testcases.ReceivablesTest" name="ValidateInquiriesList" time="0.0">
    <ignored/>
  </testcase> <!-- ValidateInquiriesList -->
  <testcase classname="sales.qa.testcases.ReceivablesTest" name="ValidateInquiriesTitle" time="0.0">
    <ignored/>
  </testcase> <!-- ValidateInquiriesTitle -->
  <testcase classname="sales.qa.testcases.ReceivablesTest" name="ValidateMaintenceTitle" time="0.0">
    <ignored/>
  </testcase> <!-- ValidateMaintenceTitle -->
  <testcase classname="sales.qa.testcases.ReceivablesTest" name="ValidateCustomRptstitle" time="0.0">
    <ignored/>
  </testcase> <!-- ValidateCustomRptstitle -->
</testsuite> <!-- Default test -->
