<?xml version="1.0" encoding="UTF-8"?>
<!-- Generated by org.testng.reporters.JUnitXMLReporter -->
<testsuite ignored="8" hostname="LAPTOP-QJPOCRT2" failures="0" tests="1" name="Default test" time="48.99" errors="0" timestamp="2024-07-17T17:11:00 AEST">
  <testcase classname="sales.qa.testcases.InventoryTest" name="ValidateInquiriesList" time="36.746"/>
  <testcase classname="sales.qa.testcases.InventoryTest" name="ValidateInquiriesTitle" time="0.0">
    <ignored/>
  </testcase> <!-- ValidateInquiriesTitle -->
  <testcase classname="sales.qa.testcases.InventoryTest" name="ValidateMaintenanceList" time="0.0">
    <ignored/>
  </testcase> <!-- ValidateMaintenanceList -->
  <testcase classname="sales.qa.testcases.InventoryTest" name="ValidateTransacList" time="0.0">
    <ignored/>
  </testcase> <!-- ValidateTransacList -->
  <testcase classname="sales.qa.testcases.InventoryTest" name="ValidateCustomRptstitle" time="0.0">
    <ignored/>
  </testcase> <!-- ValidateCustomRptstitle -->
  <testcase classname="sales.qa.testcases.InventoryTest" name="ValidateMaintenceTitle" time="0.0">
    <ignored/>
  </testcase> <!-- ValidateMaintenceTitle -->
  <testcase classname="sales.qa.testcases.InventoryTest" name="ValidateTitle" time="0.0">
    <ignored/>
  </testcase> <!-- ValidateTitle -->
  <testcase classname="sales.qa.testcases.InventoryTest" name="ValidateStdRptsTitle" time="0.0">
    <ignored/>
  </testcase> <!-- ValidateStdRptsTitle -->
  <testcase classname="sales.qa.testcases.InventoryTest" name="ValidateTransactionTitle" time="0.0">
    <ignored/>
  </testcase> <!-- ValidateTransactionTitle -->
</testsuite> <!-- Default test -->
