<?xml version="1.0" encoding="UTF-8"?>
<!-- Generated by org.testng.reporters.JUnitXMLReporter -->
<testsuite ignored="0" hostname="LAPTOP-QJPOCRT2" failures="0" tests="3" name="WEBERP Test Cases" time="25.706" errors="0" timestamp="2024-07-16T20:56:34 AEST">
  <testcase classname="sales.qa.testcases.LoginTest" name="LoginPageTitleTest" time="0.035"/>
  <testcase classname="sales.qa.testcases.LoginTest" name="LogoTest" time="0.122"/>
  <testcase classname="sales.qa.testcases.LoginTest" name="Login" time="2.55"/>
</testsuite> <!-- WEBERP Test Cases -->
