<?xml version="1.0" encoding="UTF-8"?>
<!-- Generated by org.testng.reporters.JUnitXMLReporter -->
<testsuite ignored="0" hostname="LAPTOP-QJPOCRT2" failures="1" tests="102" name="WEBERP Test Cases" time="1199.709" errors="0" timestamp="2024-07-17T17:08:10 AEST">
  <testcase classname="sales.qa.testcases.LoginTest" name="LoginPageTitleTest" time="0.37"/>
  <testcase classname="sales.qa.testcases.LoginTest" name="LogoTest" time="0.932"/>
  <testcase classname="sales.qa.testcases.LoginTest" name="Login" time="1.892"/>
  <testcase classname="sales.qa.testcases.SalesTest" name="ValidateTitle" time="0.034"/>
  <testcase classname="sales.qa.testcases.SalesTest" name="ValidateTransactionTitle" time="0.05"/>
  <testcase classname="sales.qa.testcases.SalesTest" name="ValidateTransacList" time="3.143"/>
  <testcase classname="sales.qa.testcases.SalesTest" name="ValidateInquiriesTitle" time="0.067"/>
  <testcase classname="sales.qa.testcases.SalesTest" name="ValidateInquiriesList" time="10.466"/>
  <testcase classname="sales.qa.testcases.SalesTest" name="ValidateCustomRptstitle" time="0.039"/>
  <testcase classname="sales.qa.testcases.SalesTest" name="ValidateStdRptsTitle" time="0.093"/>
  <testcase classname="sales.qa.testcases.SalesTest" name="ValidateMaintenceTitle" time="0.086"/>
  <testcase classname="sales.qa.testcases.SalesTest" name="ValidateMaintenanceList" time="0.362"/>
  <testcase classname="sales.qa.testcases.ReceivablesTest" name="ValidateTitle" time="0.017"/>
  <testcase classname="sales.qa.testcases.ReceivablesTest" name="ValidateTransactionTitle" time="0.081"/>
  <testcase classname="sales.qa.testcases.ReceivablesTest" name="ValidateTransacList" time="0.392"/>
  <testcase classname="sales.qa.testcases.ReceivablesTest" name="ValidateInquiriesTitle" time="0.045"/>
  <testcase classname="sales.qa.testcases.ReceivablesTest" name="ValidateInquiriesList" time="3.792"/>
  <testcase classname="sales.qa.testcases.ReceivablesTest" name="ValidateCustomRptstitle" time="0.071"/>
  <testcase classname="sales.qa.testcases.ReceivablesTest" name="ValidateStdRptsTitle" time="0.055"/>
  <testcase classname="sales.qa.testcases.ReceivablesTest" name="ValidateMaintenceTitle" time="0.039"/>
  <testcase classname="sales.qa.testcases.ReceivablesTest" name="ValidateMaintenanceList" time="0.106"/>
  <testcase classname="sales.qa.testcases.PurchasesTest" name="ValidateTitle" time="0.015"/>
  <testcase classname="sales.qa.testcases.PurchasesTest" name="ValidateTransactionTitle" time="0.055"/>
  <testcase classname="sales.qa.testcases.PurchasesTest" name="ValidateTransacList" time="3.03"/>
  <testcase classname="sales.qa.testcases.PurchasesTest" name="ValidateInquiriesTitle" time="0.049"/>
  <testcase classname="sales.qa.testcases.PurchasesTest" name="ValidateInquiriesList" time="1.635"/>
  <testcase classname="sales.qa.testcases.PurchasesTest" name="ValidateCustomRptstitle" time="0.05"/>
  <testcase classname="sales.qa.testcases.PurchasesTest" name="ValidateStdRptsTitle" time="0.064"/>
  <testcase classname="sales.qa.testcases.PurchasesTest" name="ValidateMaintenceTitle" time="0.052"/>
  <testcase classname="sales.qa.testcases.PurchasesTest" name="ValidateMaintenanceList" time="0.045"/>
  <testcase classname="sales.qa.testcases.PayablesTest" name="ValidateTitle" time="0.016"/>
  <testcase classname="sales.qa.testcases.PayablesTest" name="ValidateTransactionTitle" time="0.054"/>
  <testcase classname="sales.qa.testcases.PayablesTest" name="ValidateTransacList" time="0.163"/>
  <testcase classname="sales.qa.testcases.PayablesTest" name="ValidateInquiriesTitle" time="0.181"/>
  <testcase classname="sales.qa.testcases.PayablesTest" name="ValidateInquiriesList" time="2.711"/>
  <testcase classname="sales.qa.testcases.PayablesTest" name="ValidateCustomRptstitle" time="0.043"/>
  <testcase classname="sales.qa.testcases.PayablesTest" name="ValidateStdRptsTitle" time="0.062"/>
  <testcase classname="sales.qa.testcases.PayablesTest" name="ValidateMaintenceTitle" time="0.052"/>
  <testcase classname="sales.qa.testcases.PayablesTest" name="ValidateMaintenanceList" time="0.223"/>
  <testcase classname="sales.qa.testcases.InventoryTest" name="ValidateTitle" time="0.012"/>
  <testcase classname="sales.qa.testcases.InventoryTest" name="ValidateTransactionTitle" time="0.034"/>
  <testcase classname="sales.qa.testcases.InventoryTest" name="ValidateTransacList" time="2.861"/>
  <testcase classname="sales.qa.testcases.InventoryTest" name="ValidateInquiriesTitle" time="0.047"/>
  <testcase classname="sales.qa.testcases.InventoryTest" name="ValidateInquiriesList" time="4.432">
    <failure type="java.lang.AssertionError" message="Inventory Inquiry List not matched expected [Inventory Valuation Report] but found [Mail Inventory Valuation Report]">
      <![CDATA[java.lang.AssertionError: Inventory Inquiry List not matched expected [Inventory Valuation Report] but found [Mail Inventory Valuation Report]
at sales.qa.pages.InventoryPage.InventoryVerifyInquiriesList(InventoryPage.java:113)
at sales.qa.testcases.InventoryTest.ValidateInquiriesList(InventoryTest.java:83)
at java.base/java.util.ArrayList.forEach(ArrayList.java:1597)
... Removed 30 stack frames]]>
    </failure>
  </testcase> <!-- ValidateInquiriesList -->
  <testcase classname="sales.qa.testcases.InventoryTest" name="ValidateCustomRptstitle" time="0.039"/>
  <testcase classname="sales.qa.testcases.InventoryTest" name="ValidateStdRptsTitle" time="0.064"/>
  <testcase classname="sales.qa.testcases.InventoryTest" name="ValidateMaintenceTitle" time="0.057"/>
  <testcase classname="sales.qa.testcases.InventoryTest" name="ValidateMaintenanceList" time="1.511"/>
  <testcase classname="sales.qa.testcases.ManufacturingTest" name="ValidateTitle" time="0.009"/>
  <testcase classname="sales.qa.testcases.ManufacturingTest" name="ValidateTransactionTitle" time="0.029"/>
  <testcase classname="sales.qa.testcases.ManufacturingTest" name="ValidateTransacList" time="0.208"/>
  <testcase classname="sales.qa.testcases.ManufacturingTest" name="ValidateInquiriesTitle" time="0.033"/>
  <testcase classname="sales.qa.testcases.ManufacturingTest" name="ValidateInquiriesList" time="8.868"/>
  <testcase classname="sales.qa.testcases.ManufacturingTest" name="ValidateCustomRptstitle" time="0.062"/>
  <testcase classname="sales.qa.testcases.ManufacturingTest" name="ValidateStdRptsTitle" time="0.091"/>
  <testcase classname="sales.qa.testcases.ManufacturingTest" name="ValidateMaintenceTitle" time="0.1"/>
  <testcase classname="sales.qa.testcases.ManufacturingTest" name="ValidateMaintenanceList" time="1.235"/>
  <testcase classname="sales.qa.testcases.GeneralLedgerTest" name="ValidateTitle" time="0.008"/>
  <testcase classname="sales.qa.testcases.GeneralLedgerTest" name="ValidateTransactionTitle" time="0.044"/>
  <testcase classname="sales.qa.testcases.GeneralLedgerTest" name="ValidateTransacList" time="1.531"/>
  <testcase classname="sales.qa.testcases.GeneralLedgerTest" name="ValidateInquiriesTitle" time="0.056"/>
  <testcase classname="sales.qa.testcases.GeneralLedgerTest" name="ValidateInquiriesList" time="8.327"/>
  <testcase classname="sales.qa.testcases.GeneralLedgerTest" name="ValidateCustomRptstitle" time="0.052"/>
  <testcase classname="sales.qa.testcases.GeneralLedgerTest" name="ValidateStdRptsTitle" time="0.065"/>
  <testcase classname="sales.qa.testcases.GeneralLedgerTest" name="ValidateMaintenceTitle" time="0.058"/>
  <testcase classname="sales.qa.testcases.GeneralLedgerTest" name="ValidateMaintenanceList" time="2.941"/>
  <testcase classname="sales.qa.testcases.AssetManagerTest" name="ValidateTitle" time="0.029"/>
  <testcase classname="sales.qa.testcases.AssetManagerTest" name="ValidateTransactionTitle" time="0.043"/>
  <testcase classname="sales.qa.testcases.AssetManagerTest" name="ValidateTransacList" time="0.45"/>
  <testcase classname="sales.qa.testcases.AssetManagerTest" name="ValidateInquiriesTitle" time="0.178"/>
  <testcase classname="sales.qa.testcases.AssetManagerTest" name="ValidateInquiriesList" time="1.275"/>
  <testcase classname="sales.qa.testcases.AssetManagerTest" name="ValidateCustomRptstitle" time="0.071"/>
  <testcase classname="sales.qa.testcases.AssetManagerTest" name="ValidateStdRptsTitle" time="0.08"/>
  <testcase classname="sales.qa.testcases.AssetManagerTest" name="ValidateMaintenceTitle" time="0.044"/>
  <testcase classname="sales.qa.testcases.AssetManagerTest" name="ValidateMaintenanceList" time="0.19"/>
  <testcase classname="sales.qa.testcases.PettyCashTest" name="ValidateTitle" time="0.021"/>
  <testcase classname="sales.qa.testcases.PettyCashTest" name="ValidateTransactionTitle" time="0.081"/>
  <testcase classname="sales.qa.testcases.PettyCashTest" name="ValidateTransacList" time="0.543"/>
  <testcase classname="sales.qa.testcases.PettyCashTest" name="ValidateInquiriesTitle" time="0.039"/>
  <testcase classname="sales.qa.testcases.PettyCashTest" name="ValidateInquiriesList" time="0.762"/>
  <testcase classname="sales.qa.testcases.PettyCashTest" name="ValidateCustomRptstitle" time="0.047"/>
  <testcase classname="sales.qa.testcases.PettyCashTest" name="ValidateStdRptsTitle" time="0.033"/>
  <testcase classname="sales.qa.testcases.PettyCashTest" name="ValidateMaintenceTitle" time="0.061"/>
  <testcase classname="sales.qa.testcases.PettyCashTest" name="ValidateMaintenanceList" time="0.894"/>
  <testcase classname="sales.qa.testcases.SetupTest" name="ValidateTitle" time="0.024"/>
  <testcase classname="sales.qa.testcases.SetupTest" name="ValidateGeneralSetupOptionsTitile" time="0.089"/>
  <testcase classname="sales.qa.testcases.SetupTest" name="ValidateGeneralSetupList" time="4.37"/>
  <testcase classname="sales.qa.testcases.SetupTest" name="ValidateReceivablesorPayablesTitle" time="0.04"/>
  <testcase classname="sales.qa.testcases.SetupTest" name="ValidateReceivablesorPayablesList" time="5.589"/>
  <testcase classname="sales.qa.testcases.SetupTest" name="ValidateCustomRptstitle" time="0.063"/>
  <testcase classname="sales.qa.testcases.SetupTest" name="ValidateStdRptsTitle" time="0.07"/>
  <testcase classname="sales.qa.testcases.SetupTest" name="ValidateInventorySetupTitle" time="0.055"/>
  <testcase classname="sales.qa.testcases.SetupTest" name="ValidateInventorySetupList" time="3.884"/>
  <testcase classname="sales.qa.testcases.UtilitiesTest" name="ValidateTitle" time="0.02"/>
  <testcase classname="sales.qa.testcases.UtilitiesTest" name="ValidateTransactionTitle" time="0.077"/>
  <testcase classname="sales.qa.testcases.UtilitiesTest" name="ValidateTransacList" time="4.565"/>
  <testcase classname="sales.qa.testcases.UtilitiesTest" name="ValidateInquiriesTitle" time="0.065"/>
  <testcase classname="sales.qa.testcases.UtilitiesTest" name="ValidateInquiriesList" time="1.565"/>
  <testcase classname="sales.qa.testcases.UtilitiesTest" name="ValidateCustomRptstitle" time="0.123"/>
  <testcase classname="sales.qa.testcases.UtilitiesTest" name="ValidateStdRptsTitle" time="0.046"/>
  <testcase classname="sales.qa.testcases.UtilitiesTest" name="ValidateMaintenceTitle" time="0.066"/>
  <testcase classname="sales.qa.testcases.UtilitiesTest" name="ValidateMaintenanceList" time="3.769"/>
</testsuite> <!-- WEBERP Test Cases -->
