<?xml version="1.0" encoding="UTF-8"?>
<testsuite xmlns:xsi="http://www.w3.org/2001/XMLSchema-instance" xsi:noNamespaceSchemaLocation="https://maven.apache.org/surefire/maven-surefire-plugin/xsd/surefire-test-report.xsd" name="TestSuite" time="44.566" tests="12" errors="0" skipped="0" failures="0">
  <properties>
[...]
</properties>
  <testcase name="LoginPageTitleTest" classname="sales.qa.testcases.LoginTest" time="0.04"/>
  <testcase name="LogoTest" classname="sales.qa.testcases.LoginTest" time="0.082"/>
  <testcase name="Login" classname="sales.qa.testcases.LoginTest" time="1.806"/>
  <testcase name="ValidateTitle" classname="sales.qa.testcases.SalesTest" time="0.042"/>
  <testcase name="ValidateTransactionTitle" classname="sales.qa.testcases.SalesTest" time="0.065"/>
  <testcase name="ValidateTransacList" classname="sales.qa.testcases.SalesTest" time="8.774"/>
  <testcase name="ValidateInquiriesTitle" classname="sales.qa.testcases.SalesTest" time="0.028"/>
  <testcase name="ValidateInquiriesList" classname="sales.qa.testcases.SalesTest" time="16.421"/>
  <testcase name="ValidateCustomRptstitle" classname="sales.qa.testcases.SalesTest" time="0.027"/>
  <testcase name="ValidateStdRptsTitle" classname="sales.qa.testcases.SalesTest" time="0.023"/>
  <testcase name="ValidateMaintenceTitle" classname="sales.qa.testcases.SalesTest" time="0.036"/>
  <testcase name="ValidateMaintenanceList" classname="sales.qa.testcases.SalesTest" time="0.491"/>
</testsuite>